0 info it worked if it ends with ok
1 verbose cli [ '/usr/local/bin/node',
1 verbose cli   '/usr/local/bin/npm',
1 verbose cli   'unpublish',
1 verbose cli   '--force',
1 verbose cli   'gaiaui@0.0.1' ]
2 info using npm@4.1.2
3 info using node@v7.5.0
4 warn using --force I sure hope you know what you are doing.
5 silly unpublish args[0] gaiaui@0.0.1
6 silly unpublish thing Result {
6 silly unpublish   raw: 'gaiaui@0.0.1',
6 silly unpublish   scope: null,
6 silly unpublish   escapedName: 'gaiaui',
6 silly unpublish   name: 'gaiaui',
6 silly unpublish   rawSpec: '0.0.1',
6 silly unpublish   spec: '0.0.1',
6 silly unpublish   type: 'version' }
7 verbose getPublishConfig null
8 silly ls normalized gaiaui/0.0.1
9 silly gentlyRm /Users/zhaoyadong/.npm/gaiaui/0.0.1 is being purged
10 verbose gentlyRm don't care about contents; nuking /Users/zhaoyadong/.npm/gaiaui/0.0.1
11 silly mapToRegistry name gaiaui
12 silly mapToRegistry using default registry
13 silly mapToRegistry registry http://registry.npmjs.org/
14 silly mapToRegistry data Result {
14 silly mapToRegistry   raw: 'gaiaui',
14 silly mapToRegistry   scope: null,
14 silly mapToRegistry   escapedName: 'gaiaui',
14 silly mapToRegistry   name: 'gaiaui',
14 silly mapToRegistry   rawSpec: '',
14 silly mapToRegistry   spec: 'latest',
14 silly mapToRegistry   type: 'tag' }
15 silly mapToRegistry uri http://registry.npmjs.org/gaiaui
16 verbose get GET as part of write; not caching result
17 verbose request uri http://registry.npmjs.org/gaiaui?write=true
18 verbose request no auth needed
19 info attempt registry request try #1 at 10:42:12 AM
20 verbose request using bearer token for auth
21 verbose request id 1b645267ad624b60
22 http request GET http://registry.npmjs.org/gaiaui?write=true
23 http 200 http://registry.npmjs.org/gaiaui?write=true
24 verbose headers { server: 'CouchDB/1.5.0 (Erlang OTP/R16B03)',
24 verbose headers   'content-type': 'application/json',
24 verbose headers   etag: '"5909410d-c34"',
24 verbose headers   'content-encoding': 'gzip',
24 verbose headers   'cache-control': 'max-age=0',
24 verbose headers   'transfer-encoding': 'chunked',
24 verbose headers   'accept-ranges': 'bytes',
24 verbose headers   date: 'Wed, 03 May 2017 02:42:13 GMT',
24 verbose headers   via: '1.1 varnish',
24 verbose headers   connection: 'keep-alive',
24 verbose headers   'x-served-by': 'cache-itm7426-ITM',
24 verbose headers   'x-cache': 'MISS',
24 verbose headers   'x-cache-hits': '0',
24 verbose headers   'x-timer': 'S1493779333.740622,VS0,VE577',
24 verbose headers   vary: 'Accept-Encoding' }
25 silly get cb [ 200,
25 silly get   { server: 'CouchDB/1.5.0 (Erlang OTP/R16B03)',
25 silly get     'content-type': 'application/json',
25 silly get     etag: '"5909410d-c34"',
25 silly get     'content-encoding': 'gzip',
25 silly get     'cache-control': 'max-age=0',
25 silly get     'transfer-encoding': 'chunked',
25 silly get     'accept-ranges': 'bytes',
25 silly get     date: 'Wed, 03 May 2017 02:42:13 GMT',
25 silly get     via: '1.1 varnish',
25 silly get     connection: 'keep-alive',
25 silly get     'x-served-by': 'cache-itm7426-ITM',
25 silly get     'x-cache': 'MISS',
25 silly get     'x-cache-hits': '0',
25 silly get     'x-timer': 'S1493779333.740622,VS0,VE577',
25 silly get     vary: 'Accept-Encoding' } ]
26 verbose get saving gaiaui to /Users/zhaoyadong/.npm/registry.npmjs.org/gaiaui_3Fwrite_3Dtrue/.cache.json
27 verbose correctMkdir /Users/zhaoyadong/.npm correctMkdir not in flight; initializing
28 verbose unpublish removing attachments { shasum: '66101879c224a6b611177e4ca61894eb966597c5',
28 verbose unpublish   tarball: 'https://registry.npmjs.org/gaiaui/-/gaiaui-0.0.1.tgz' }
29 info unpublish No versions remain, removing entire package
30 verbose request uri http://registry.npmjs.org/gaiaui/-rev/31-ad8c9ae22a25bb09238e6ab25ff4bed8
31 verbose request sending authorization for write operation
32 info attempt registry request try #1 at 10:42:13 AM
33 verbose request using bearer token for auth
34 http request DELETE http://registry.npmjs.org/gaiaui/-rev/31-ad8c9ae22a25bb09238e6ab25ff4bed8
35 http 400 http://registry.npmjs.org/gaiaui/-rev/31-ad8c9ae22a25bb09238e6ab25ff4bed8
36 verbose headers { 'content-type': 'application/json',
36 verbose headers   'cache-control': 'max-age=300',
36 verbose headers   'content-length': '17',
36 verbose headers   'accept-ranges': 'bytes',
36 verbose headers   date: 'Wed, 03 May 2017 02:42:13 GMT',
36 verbose headers   via: '1.1 varnish',
36 verbose headers   connection: 'keep-alive',
36 verbose headers   'x-served-by': 'cache-itm7426-ITM',
36 verbose headers   'x-cache': 'MISS',
36 verbose headers   'x-cache-hits': '0',
36 verbose headers   'x-timer': 'S1493779333.463500,VS0,VE160',
36 verbose headers   vary: 'Accept-Encoding' }
37 verbose request invalidating /Users/zhaoyadong/.npm/registry.npmjs.org/gaiaui on DELETE
38 verbose stack Error: Registry returned 400 for DELETE on http://registry.npmjs.org/gaiaui/-rev/31-ad8c9ae22a25bb09238e6ab25ff4bed8
38 verbose stack     at makeError (/usr/local/lib/node_modules/npm/node_modules/npm-registry-client/lib/request.js:304:12)
38 verbose stack     at CachingRegistryClient.<anonymous> (/usr/local/lib/node_modules/npm/node_modules/npm-registry-client/lib/request.js:282:14)
38 verbose stack     at Request._callback (/usr/local/lib/node_modules/npm/node_modules/npm-registry-client/lib/request.js:212:14)
38 verbose stack     at Request.self.callback (/usr/local/lib/node_modules/npm/node_modules/request/request.js:186:22)
38 verbose stack     at emitTwo (events.js:106:13)
38 verbose stack     at Request.emit (events.js:192:7)
38 verbose stack     at Request.<anonymous> (/usr/local/lib/node_modules/npm/node_modules/request/request.js:1081:10)
38 verbose stack     at emitOne (events.js:96:13)
38 verbose stack     at Request.emit (events.js:189:7)
38 verbose stack     at IncomingMessage.<anonymous> (/usr/local/lib/node_modules/npm/node_modules/request/request.js:1001:12)
39 verbose statusCode 400
40 verbose pkgid gaiaui
41 verbose cwd /Users/zhaoyadong/Workspace/pallas
42 error Darwin 16.5.0
43 error argv "/usr/local/bin/node" "/usr/local/bin/npm" "unpublish" "--force" "gaiaui@0.0.1"
44 error node v7.5.0
45 error npm  v4.1.2
46 error code E400
47 error Registry returned 400 for DELETE on http://registry.npmjs.org/gaiaui/-rev/31-ad8c9ae22a25bb09238e6ab25ff4bed8
48 error If you need help, you may report this error at:
48 error     <https://github.com/npm/npm/issues>
49 verbose exit [ 1, true ]
